2024-12-23 14:41:23,166 - logs - INFO - Configuración de Flask cargada correctamente.
2024-12-23 14:41:23,175 - logs - INFO - Blueprints registrados correctamente.
2024-12-23 14:41:23,175 - logs - DEBUG - Directorio raíz añadido al PYTHONPATH.
2024-12-23 14:41:23,175 - database.db_setup - INFO - Creando conexión a MySQL con la base de datos seleccionada.
2024-12-23 14:41:23,273 - database.db_setup - INFO - LISTADO de todas las bases de datos MYSQL en phpMyAdmin
2024-12-23 14:41:23,273 - database.db_setup - INFO - La base de datos 'cocina_db' ya existe.
2024-12-23 14:41:23,274 - database.db_setup - INFO - Creando tabla Roles.
2024-12-23 14:41:23,274 - database.db_setup - INFO - Tabla Roles creada exitosamente.
2024-12-23 14:41:23,274 - database.db_setup - INFO - Creando tabla Usuarios.
2024-12-23 14:41:23,274 - database.db_setup - INFO - Tabla Usuarios creada exitosamente.
2024-12-23 14:41:23,274 - database.db_setup - INFO - Creando tabla Clientes.
2024-12-23 14:41:23,275 - database.db_setup - INFO - Tabla Clientes creada exitosamente.
2024-12-23 14:41:23,275 - database.db_setup - INFO - Creando tabla Trabajadores.
2024-12-23 14:41:23,275 - database.db_setup - INFO - Tabla Trabajadores creada exitosamente.
2024-12-23 14:41:23,275 - database.db_setup - INFO - Creando tabla Categorias.
2024-12-23 14:41:23,276 - database.db_setup - INFO - Tabla Categorias creada exitosamente.
2024-12-23 14:41:23,276 - database.db_setup - INFO - Creando tabla Productos.
2024-12-23 14:41:23,276 - database.db_setup - INFO - Tabla Productos creada exitosamente.
2024-12-23 14:41:23,276 - database.db_setup - INFO - Creando tabla Carrito.
2024-12-23 14:41:23,277 - database.db_setup - INFO - Tabla Carrito creada exitosamente.
2024-12-23 14:41:23,277 - database.db_setup - INFO - Creando tabla Pedidos.
2024-12-23 14:41:23,277 - database.db_setup - INFO - Tabla Pedidos creada exitosamente.
2024-12-23 14:41:23,277 - database.db_setup - INFO - ✅ Tablas y datos iniciales procesados correctamente.
2024-12-23 14:41:23,278 - database.db_setup - INFO - Conexión a MySQL cerrada correctamente
2024-12-23 14:41:23,278 - database.db_setup - INFO - Creando conexión a MySQL con la base de datos seleccionada.
2024-12-23 14:41:23,280 - database.db_record - INFO - ⚠️ Rol 'cliente' ya existe.
2024-12-23 14:41:23,281 - database.db_record - INFO - ⚠️ Rol 'trabajador' ya existe.
2024-12-23 14:41:23,281 - database.db_record - INFO - Listado Usuarios: [('paco@nava.com', 'paco123', 1), ('angel@saorin.com', 'angel123', 1), ('paco@trabajador.com', 'paco456', 2), ('angel@trabajador.com', 'angel456', 2)]
2024-12-23 14:41:23,282 - database.db_record - INFO - ⚠️ Usuario paco@nava.com ya existe, no se insertó.
2024-12-23 14:41:23,282 - database.db_record - INFO - ⚠️ Usuario angel@saorin.com ya existe, no se insertó.
2024-12-23 14:41:23,282 - database.db_record - INFO - ⚠️ Usuario paco@trabajador.com ya existe, no se insertó.
2024-12-23 14:41:23,283 - database.db_record - INFO - ⚠️ Usuario angel@trabajador.com ya existe, no se insertó.
2024-12-23 14:41:23,283 - database.db_record - INFO - Listado roles: [('Francisco José', 'Cayuela', 'Navarro', '12345678A', '600123456', 'Calle Luna, 6', 'paco@nava.com'), ('Angel Luis', 'Saorin', 'Faura', '12345678C', '610654321', 'Calle Sol, 8', 'angel@saorin.com')]
2024-12-23 14:41:23,284 - database.db_record - INFO - ⚠️ Cliente paco@nava.com ya existe.
2024-12-23 14:41:23,284 - database.db_record - INFO - ⚠️ Cliente angel@saorin.com ya existe.
2024-12-23 14:41:23,285 - database.db_record - INFO - Listado Trabajadores: [('Paco', 'Lopez', 'Garcia', '12345678D', '620987654', 'Calle Estrella, 10', 'paco@trabajador.com'), ('Angel', 'Martinez', 'Perez', '12345678F', '630456789', 'Calle Cometa, 12', 'angel@trabajador.com')]
2024-12-23 14:41:23,285 - database.db_record - INFO - ⚠️ Trabajador paco@trabajador.com ya existe.
2024-12-23 14:41:23,286 - database.db_record - INFO - ⚠️ Trabajador angel@trabajador.com ya existe.
2024-12-23 14:41:23,286 - database.db_record - INFO - Listado Categorías: [('Carnes', 'Carnes a la parrilla y guisos de carne.', 'carnes.png'), ('Pastas', 'Platos de pasta italiana y fideos.', 'pastas.png'), ('Comidas de Puchero', 'Platos tradicionales de puchero.', 'puchero.png'), ('Pizzas', 'Pizzas artesanales con ingredientes frescos.', 'pizzas.png'), ('Arroces', 'Platos de arroz como paellas y risottos.', 'arroces.png'), ('Asados', 'Carnes y vegetales asados al horno.', 'asados.png'), ('Ensaladas', 'Ensaladas frescas y saludables.', 'ensaladas.png'), ('Cervezas', 'Cervezas nacionales e internacionales.', 'cervezas.png'), ('Vinos', 'Selección de vinos tintos, blancos y rosados.', 'vinos.png'), ('Refrescos con Gas y Sin Gas', 'Refrescos variados con y sin gas.', 'refrescos.png'), ('Aguas, zumos y batidos', 'Aguas minerales, zumos naturales y batidos.', 'bebidas.png'), ('Postres', 'Dulces y postres caseros.', 'postres.png'), ('Cafés', 'Cafés calientes y fríos.', 'cafes.png')]
2024-12-23 14:41:23,287 - database.db_record - WARNING - ⚠️ Categoría 'Carnes' ya existe, no se insertó.
2024-12-23 14:41:23,287 - database.db_record - WARNING - ⚠️ Categoría 'Pastas' ya existe, no se insertó.
2024-12-23 14:41:23,288 - database.db_record - WARNING - ⚠️ Categoría 'Comidas de Puchero' ya existe, no se insertó.
2024-12-23 14:41:23,288 - database.db_record - WARNING - ⚠️ Categoría 'Pizzas' ya existe, no se insertó.
2024-12-23 14:41:23,288 - database.db_record - WARNING - ⚠️ Categoría 'Arroces' ya existe, no se insertó.
2024-12-23 14:41:23,289 - database.db_record - WARNING - ⚠️ Categoría 'Asados' ya existe, no se insertó.
2024-12-23 14:41:23,289 - database.db_record - WARNING - ⚠️ Categoría 'Ensaladas' ya existe, no se insertó.
2024-12-23 14:41:23,289 - database.db_record - WARNING - ⚠️ Categoría 'Cervezas' ya existe, no se insertó.
2024-12-23 14:41:23,290 - database.db_record - WARNING - ⚠️ Categoría 'Vinos' ya existe, no se insertó.
2024-12-23 14:41:23,290 - database.db_record - WARNING - ⚠️ Categoría 'Refrescos con Gas y Sin Gas' ya existe, no se insertó.
2024-12-23 14:41:23,290 - database.db_record - WARNING - ⚠️ Categoría 'Aguas, zumos y batidos' ya existe, no se insertó.
2024-12-23 14:41:23,291 - database.db_record - WARNING - ⚠️ Categoría 'Postres' ya existe, no se insertó.
2024-12-23 14:41:23,292 - database.db_record - WARNING - ⚠️ Categoría 'Cafés' ya existe, no se insertó.
2024-12-23 14:41:23,292 - database.db_record - INFO - Listado roles: [('Entrecot', 'Entrecot a la parrilla con guarnición de papas.', 15.99, 'entrecot.png', 1), ('Albóndigas en Salsa', 'Albóndigas de carne en salsa casera.', 9.5, 'albondigas.png', 1), ('Espaguetis Carbonara', 'Espaguetis con salsa carbonara casera.', 8.99, 'spagueti_carbonara.png', 2), ('Lasaña de Verduras', 'Lasaña vegetariana con capas de verduras frescas.', 9.75, 'lasana_verduras.png', 2), ('Cocido Madrileño', 'Cocido con garbanzos, carne y verduras.', 12.5, 'cocido.png', 3), ('Lentejas con Chorizo', 'Lentejas guisadas con chorizo.', 10.0, 'lentejas.png', 3), ('Pizza Margarita', 'Pizza clásica con tomate, queso y albahaca.', 7.99, 'margarita.png', 4), ('Pizza 4 Quesos', 'Pizza con mezcla de cuatro quesos italianos.', 9.5, '4quesos.png', 4), ('Paella de Marisco', 'Paella de mariscos recién preparada.', 13.99, 'paella_marisco.png', 5), ('Risotto de Setas', 'Risotto cremoso con setas variadas.', 11.5, 'risotto.png', 5), ('Pollo Asado', 'Pollo asado al horno con especias.', 12.0, 'pollo_asado.png', 6), ('Costillas BBQ', 'Costillas al horno con salsa barbacoa.', 14.0, 'costillas.png', 6), ('Ensalada César', 'Ensalada con pollo, crutones y aderezo César.', 7.5, 'ensalada_cesar.png', 7), ('Ensalada Mediterránea', 'Ensalada fresca con aceitunas, queso feta y tomate.', 6.99, 'ensalada_med.png', 7), ('Cerveza Lager', 'Botella de cerveza lager 330ml.', 2.5, 'cerveza_lager.png', 8), ('Cerveza IPA', 'Botella de cerveza IPA artesanal 330ml.', 3.0, 'cerveza_ipa.png', 8), ('Vino Tinto', 'Copa de vino tinto de la casa.', 3.5, 'vino_tinto.png', 9), ('Vino Blanco', 'Copa de vino blanco fresco.', 3.5, 'vino_blanco.png', 9), ('Coca-Cola', 'Refresco de cola original 330ml.', 1.8, 'coca_cola.png', 10), ('Limonada', 'Refresco de limón natural sin gas.', 1.5, 'fanta_limon.png', 10), ('Agua Mineral', 'Botella de agua mineral 500ml.', 1.2, 'aguapet.png', 11), ('Agua Mineral', 'Botella de agua mineral 1l.', 1.2, 'agualitro.png', 11), ('Batido de Fresa', 'Batido natural de fresa con leche.', 2.5, 'batido_fresa.png', 11), ('Tarta de Manzana', 'Tarta de manzana casera con canela.', 4.5, 'tarta_manzana.png', 12), ('Flan Casero', 'Flan de huevo hecho en casa.', 3.5, 'flan.png', 12), ('Café Solo', 'Café espresso recién hecho.', 1.5, 'cafe_solo.png', 13), ('Café con Leche', 'Café con leche espumosa.', 1.8, 'cafe_leche.png', 13)]
2024-12-23 14:41:23,293 - database.db_record - INFO - ⚠️ Producto 'Entrecot' ya existe, no se insertó.
2024-12-23 14:41:23,293 - database.db_record - INFO - ⚠️ Producto 'Albóndigas en Salsa' ya existe, no se insertó.
2024-12-23 14:41:23,293 - database.db_record - INFO - ⚠️ Producto 'Espaguetis Carbonara' ya existe, no se insertó.
2024-12-23 14:41:23,294 - database.db_record - INFO - ⚠️ Producto 'Lasaña de Verduras' ya existe, no se insertó.
2024-12-23 14:41:23,294 - database.db_record - INFO - ⚠️ Producto 'Cocido Madrileño' ya existe, no se insertó.
2024-12-23 14:41:23,295 - database.db_record - INFO - ⚠️ Producto 'Lentejas con Chorizo' ya existe, no se insertó.
2024-12-23 14:41:23,295 - database.db_record - INFO - ⚠️ Producto 'Pizza Margarita' ya existe, no se insertó.
2024-12-23 14:41:23,295 - database.db_record - INFO - ⚠️ Producto 'Pizza 4 Quesos' ya existe, no se insertó.
2024-12-23 14:41:23,296 - database.db_record - INFO - ⚠️ Producto 'Paella de Marisco' ya existe, no se insertó.
2024-12-23 14:41:23,296 - database.db_record - INFO - ⚠️ Producto 'Risotto de Setas' ya existe, no se insertó.
2024-12-23 14:41:23,297 - database.db_record - INFO - ⚠️ Producto 'Pollo Asado' ya existe, no se insertó.
2024-12-23 14:41:23,297 - database.db_record - INFO - ⚠️ Producto 'Costillas BBQ' ya existe, no se insertó.
2024-12-23 14:41:23,298 - database.db_record - INFO - ⚠️ Producto 'Ensalada César' ya existe, no se insertó.
2024-12-23 14:41:23,298 - database.db_record - INFO - ⚠️ Producto 'Ensalada Mediterránea' ya existe, no se insertó.
2024-12-23 14:41:23,299 - database.db_record - INFO - ⚠️ Producto 'Cerveza Lager' ya existe, no se insertó.
2024-12-23 14:41:23,299 - database.db_record - INFO - ⚠️ Producto 'Cerveza IPA' ya existe, no se insertó.
2024-12-23 14:41:23,299 - database.db_record - INFO - ⚠️ Producto 'Vino Tinto' ya existe, no se insertó.
2024-12-23 14:41:23,300 - database.db_record - INFO - ⚠️ Producto 'Vino Blanco' ya existe, no se insertó.
2024-12-23 14:41:23,300 - database.db_record - INFO - ⚠️ Producto 'Coca-Cola' ya existe, no se insertó.
2024-12-23 14:41:23,301 - database.db_record - INFO - ⚠️ Producto 'Limonada' ya existe, no se insertó.
2024-12-23 14:41:23,301 - database.db_record - INFO - ⚠️ Producto 'Agua Mineral' ya existe, no se insertó.
2024-12-23 14:41:23,301 - database.db_record - INFO - ⚠️ Producto 'Agua Mineral' ya existe, no se insertó.
2024-12-23 14:41:23,302 - database.db_record - INFO - ⚠️ Producto 'Batido de Fresa' ya existe, no se insertó.
2024-12-23 14:41:23,302 - database.db_record - INFO - ⚠️ Producto 'Tarta de Manzana' ya existe, no se insertó.
2024-12-23 14:41:23,303 - database.db_record - INFO - ⚠️ Producto 'Flan Casero' ya existe, no se insertó.
2024-12-23 14:41:23,303 - database.db_record - INFO - ⚠️ Producto 'Café Solo' ya existe, no se insertó.
2024-12-23 14:41:23,303 - database.db_record - INFO - ⚠️ Producto 'Café con Leche' ya existe, no se insertó.
2024-12-23 14:41:23,305 - database.db_record - INFO - ✔️ Carrito para cliente 1 insertado.
2024-12-23 14:41:23,308 - database.db_record - ERROR - ❌ Error al insertar datos iniciales: 1146 (42S02): Table 'cocina_db.carrito_productos' doesn't exist
2024-12-23 14:41:23,308 - database.db_setup - INFO - Conexión a MySQL cerrada correctamente
2024-12-23 14:41:23,309 - logs - INFO - Iniciando el servidor Flask en modo debug...
2024-12-23 14:41:23,368 - werkzeug - INFO - [31m[1mWARNING: This is a development server. Do not use it in a production deployment. Use a production WSGI server instead.[0m
 * Running on http://127.0.0.1:5000
2024-12-23 14:41:23,368 - werkzeug - INFO - [33mPress CTRL+C to quit[0m
2024-12-23 14:41:23,369 - werkzeug - INFO -  * Restarting with stat
2024-12-23 14:41:23,644 - logs - INFO - Configuración de Flask cargada correctamente.
2024-12-23 14:41:23,653 - logs - INFO - Blueprints registrados correctamente.
2024-12-23 14:41:23,654 - logs - DEBUG - Directorio raíz añadido al PYTHONPATH.
2024-12-23 14:41:23,654 - database.db_setup - INFO - Creando conexión a MySQL con la base de datos seleccionada.
2024-12-23 14:41:23,694 - database.db_setup - INFO - LISTADO de todas las bases de datos MYSQL en phpMyAdmin
2024-12-23 14:41:23,695 - database.db_setup - INFO - La base de datos 'cocina_db' ya existe.
2024-12-23 14:41:23,696 - database.db_setup - INFO - Creando tabla Roles.
2024-12-23 14:41:23,696 - database.db_setup - INFO - Tabla Roles creada exitosamente.
2024-12-23 14:41:23,696 - database.db_setup - INFO - Creando tabla Usuarios.
2024-12-23 14:41:23,697 - database.db_setup - INFO - Tabla Usuarios creada exitosamente.
2024-12-23 14:41:23,697 - database.db_setup - INFO - Creando tabla Clientes.
2024-12-23 14:41:23,697 - database.db_setup - INFO - Tabla Clientes creada exitosamente.
2024-12-23 14:41:23,698 - database.db_setup - INFO - Creando tabla Trabajadores.
2024-12-23 14:41:23,698 - database.db_setup - INFO - Tabla Trabajadores creada exitosamente.
2024-12-23 14:41:23,698 - database.db_setup - INFO - Creando tabla Categorias.
2024-12-23 14:41:23,699 - database.db_setup - INFO - Tabla Categorias creada exitosamente.
2024-12-23 14:41:23,699 - database.db_setup - INFO - Creando tabla Productos.
2024-12-23 14:41:23,699 - database.db_setup - INFO - Tabla Productos creada exitosamente.
2024-12-23 14:41:23,700 - database.db_setup - INFO - Creando tabla Carrito.
2024-12-23 14:41:23,700 - database.db_setup - INFO - Tabla Carrito creada exitosamente.
2024-12-23 14:41:23,700 - database.db_setup - INFO - Creando tabla Pedidos.
2024-12-23 14:41:23,700 - database.db_setup - INFO - Tabla Pedidos creada exitosamente.
2024-12-23 14:41:23,701 - database.db_setup - INFO - ✅ Tablas y datos iniciales procesados correctamente.
2024-12-23 14:41:23,701 - database.db_setup - INFO - Conexión a MySQL cerrada correctamente
2024-12-23 14:41:23,701 - database.db_setup - INFO - Creando conexión a MySQL con la base de datos seleccionada.
2024-12-23 14:41:23,703 - database.db_record - INFO - ⚠️ Rol 'cliente' ya existe.
2024-12-23 14:41:23,703 - database.db_record - INFO - ⚠️ Rol 'trabajador' ya existe.
2024-12-23 14:41:23,704 - database.db_record - INFO - Listado Usuarios: [('paco@nava.com', 'paco123', 1), ('angel@saorin.com', 'angel123', 1), ('paco@trabajador.com', 'paco456', 2), ('angel@trabajador.com', 'angel456', 2)]
2024-12-23 14:41:23,704 - database.db_record - INFO - ⚠️ Usuario paco@nava.com ya existe, no se insertó.
2024-12-23 14:41:23,704 - database.db_record - INFO - ⚠️ Usuario angel@saorin.com ya existe, no se insertó.
2024-12-23 14:41:23,705 - database.db_record - INFO - ⚠️ Usuario paco@trabajador.com ya existe, no se insertó.
2024-12-23 14:41:23,705 - database.db_record - INFO - ⚠️ Usuario angel@trabajador.com ya existe, no se insertó.
2024-12-23 14:41:23,706 - database.db_record - INFO - Listado roles: [('Francisco José', 'Cayuela', 'Navarro', '12345678A', '600123456', 'Calle Luna, 6', 'paco@nava.com'), ('Angel Luis', 'Saorin', 'Faura', '12345678C', '610654321', 'Calle Sol, 8', 'angel@saorin.com')]
2024-12-23 14:41:23,706 - database.db_record - INFO - ⚠️ Cliente paco@nava.com ya existe.
2024-12-23 14:41:23,707 - database.db_record - INFO - ⚠️ Cliente angel@saorin.com ya existe.
2024-12-23 14:41:23,707 - database.db_record - INFO - Listado Trabajadores: [('Paco', 'Lopez', 'Garcia', '12345678D', '620987654', 'Calle Estrella, 10', 'paco@trabajador.com'), ('Angel', 'Martinez', 'Perez', '12345678F', '630456789', 'Calle Cometa, 12', 'angel@trabajador.com')]
2024-12-23 14:41:23,707 - database.db_record - INFO - ⚠️ Trabajador paco@trabajador.com ya existe.
2024-12-23 14:41:23,708 - database.db_record - INFO - ⚠️ Trabajador angel@trabajador.com ya existe.
2024-12-23 14:41:23,708 - database.db_record - INFO - Listado Categorías: [('Carnes', 'Carnes a la parrilla y guisos de carne.', 'carnes.png'), ('Pastas', 'Platos de pasta italiana y fideos.', 'pastas.png'), ('Comidas de Puchero', 'Platos tradicionales de puchero.', 'puchero.png'), ('Pizzas', 'Pizzas artesanales con ingredientes frescos.', 'pizzas.png'), ('Arroces', 'Platos de arroz como paellas y risottos.', 'arroces.png'), ('Asados', 'Carnes y vegetales asados al horno.', 'asados.png'), ('Ensaladas', 'Ensaladas frescas y saludables.', 'ensaladas.png'), ('Cervezas', 'Cervezas nacionales e internacionales.', 'cervezas.png'), ('Vinos', 'Selección de vinos tintos, blancos y rosados.', 'vinos.png'), ('Refrescos con Gas y Sin Gas', 'Refrescos variados con y sin gas.', 'refrescos.png'), ('Aguas, zumos y batidos', 'Aguas minerales, zumos naturales y batidos.', 'bebidas.png'), ('Postres', 'Dulces y postres caseros.', 'postres.png'), ('Cafés', 'Cafés calientes y fríos.', 'cafes.png')]
2024-12-23 14:41:23,709 - database.db_record - WARNING - ⚠️ Categoría 'Carnes' ya existe, no se insertó.
2024-12-23 14:41:23,709 - database.db_record - WARNING - ⚠️ Categoría 'Pastas' ya existe, no se insertó.
2024-12-23 14:41:23,709 - database.db_record - WARNING - ⚠️ Categoría 'Comidas de Puchero' ya existe, no se insertó.
2024-12-23 14:41:23,710 - database.db_record - WARNING - ⚠️ Categoría 'Pizzas' ya existe, no se insertó.
2024-12-23 14:41:23,710 - database.db_record - WARNING - ⚠️ Categoría 'Arroces' ya existe, no se insertó.
2024-12-23 14:41:23,711 - database.db_record - WARNING - ⚠️ Categoría 'Asados' ya existe, no se insertó.
2024-12-23 14:41:23,711 - database.db_record - WARNING - ⚠️ Categoría 'Ensaladas' ya existe, no se insertó.
2024-12-23 14:41:23,711 - database.db_record - WARNING - ⚠️ Categoría 'Cervezas' ya existe, no se insertó.
2024-12-23 14:41:23,712 - database.db_record - WARNING - ⚠️ Categoría 'Vinos' ya existe, no se insertó.
2024-12-23 14:41:23,712 - database.db_record - WARNING - ⚠️ Categoría 'Refrescos con Gas y Sin Gas' ya existe, no se insertó.
2024-12-23 14:41:23,713 - database.db_record - WARNING - ⚠️ Categoría 'Aguas, zumos y batidos' ya existe, no se insertó.
2024-12-23 14:41:23,713 - database.db_record - WARNING - ⚠️ Categoría 'Postres' ya existe, no se insertó.
2024-12-23 14:41:23,713 - database.db_record - WARNING - ⚠️ Categoría 'Cafés' ya existe, no se insertó.
2024-12-23 14:41:23,714 - database.db_record - INFO - Listado roles: [('Entrecot', 'Entrecot a la parrilla con guarnición de papas.', 15.99, 'entrecot.png', 1), ('Albóndigas en Salsa', 'Albóndigas de carne en salsa casera.', 9.5, 'albondigas.png', 1), ('Espaguetis Carbonara', 'Espaguetis con salsa carbonara casera.', 8.99, 'spagueti_carbonara.png', 2), ('Lasaña de Verduras', 'Lasaña vegetariana con capas de verduras frescas.', 9.75, 'lasana_verduras.png', 2), ('Cocido Madrileño', 'Cocido con garbanzos, carne y verduras.', 12.5, 'cocido.png', 3), ('Lentejas con Chorizo', 'Lentejas guisadas con chorizo.', 10.0, 'lentejas.png', 3), ('Pizza Margarita', 'Pizza clásica con tomate, queso y albahaca.', 7.99, 'margarita.png', 4), ('Pizza 4 Quesos', 'Pizza con mezcla de cuatro quesos italianos.', 9.5, '4quesos.png', 4), ('Paella de Marisco', 'Paella de mariscos recién preparada.', 13.99, 'paella_marisco.png', 5), ('Risotto de Setas', 'Risotto cremoso con setas variadas.', 11.5, 'risotto.png', 5), ('Pollo Asado', 'Pollo asado al horno con especias.', 12.0, 'pollo_asado.png', 6), ('Costillas BBQ', 'Costillas al horno con salsa barbacoa.', 14.0, 'costillas.png', 6), ('Ensalada César', 'Ensalada con pollo, crutones y aderezo César.', 7.5, 'ensalada_cesar.png', 7), ('Ensalada Mediterránea', 'Ensalada fresca con aceitunas, queso feta y tomate.', 6.99, 'ensalada_med.png', 7), ('Cerveza Lager', 'Botella de cerveza lager 330ml.', 2.5, 'cerveza_lager.png', 8), ('Cerveza IPA', 'Botella de cerveza IPA artesanal 330ml.', 3.0, 'cerveza_ipa.png', 8), ('Vino Tinto', 'Copa de vino tinto de la casa.', 3.5, 'vino_tinto.png', 9), ('Vino Blanco', 'Copa de vino blanco fresco.', 3.5, 'vino_blanco.png', 9), ('Coca-Cola', 'Refresco de cola original 330ml.', 1.8, 'coca_cola.png', 10), ('Limonada', 'Refresco de limón natural sin gas.', 1.5, 'fanta_limon.png', 10), ('Agua Mineral', 'Botella de agua mineral 500ml.', 1.2, 'aguapet.png', 11), ('Agua Mineral', 'Botella de agua mineral 1l.', 1.2, 'agualitro.png', 11), ('Batido de Fresa', 'Batido natural de fresa con leche.', 2.5, 'batido_fresa.png', 11), ('Tarta de Manzana', 'Tarta de manzana casera con canela.', 4.5, 'tarta_manzana.png', 12), ('Flan Casero', 'Flan de huevo hecho en casa.', 3.5, 'flan.png', 12), ('Café Solo', 'Café espresso recién hecho.', 1.5, 'cafe_solo.png', 13), ('Café con Leche', 'Café con leche espumosa.', 1.8, 'cafe_leche.png', 13)]
2024-12-23 14:41:23,715 - database.db_record - INFO - ⚠️ Producto 'Entrecot' ya existe, no se insertó.
2024-12-23 14:41:23,716 - database.db_record - INFO - ⚠️ Producto 'Albóndigas en Salsa' ya existe, no se insertó.
2024-12-23 14:41:23,716 - database.db_record - INFO - ⚠️ Producto 'Espaguetis Carbonara' ya existe, no se insertó.
2024-12-23 14:41:23,717 - database.db_record - INFO - ⚠️ Producto 'Lasaña de Verduras' ya existe, no se insertó.
2024-12-23 14:41:23,717 - database.db_record - INFO - ⚠️ Producto 'Cocido Madrileño' ya existe, no se insertó.
2024-12-23 14:41:23,717 - database.db_record - INFO - ⚠️ Producto 'Lentejas con Chorizo' ya existe, no se insertó.
2024-12-23 14:41:23,718 - database.db_record - INFO - ⚠️ Producto 'Pizza Margarita' ya existe, no se insertó.
2024-12-23 14:41:23,718 - database.db_record - INFO - ⚠️ Producto 'Pizza 4 Quesos' ya existe, no se insertó.
2024-12-23 14:41:23,719 - database.db_record - INFO - ⚠️ Producto 'Paella de Marisco' ya existe, no se insertó.
2024-12-23 14:41:23,719 - database.db_record - INFO - ⚠️ Producto 'Risotto de Setas' ya existe, no se insertó.
2024-12-23 14:41:23,720 - database.db_record - INFO - ⚠️ Producto 'Pollo Asado' ya existe, no se insertó.
2024-12-23 14:41:23,720 - database.db_record - INFO - ⚠️ Producto 'Costillas BBQ' ya existe, no se insertó.
2024-12-23 14:41:23,720 - database.db_record - INFO - ⚠️ Producto 'Ensalada César' ya existe, no se insertó.
2024-12-23 14:41:23,721 - database.db_record - INFO - ⚠️ Producto 'Ensalada Mediterránea' ya existe, no se insertó.
2024-12-23 14:41:23,721 - database.db_record - INFO - ⚠️ Producto 'Cerveza Lager' ya existe, no se insertó.
2024-12-23 14:41:23,722 - database.db_record - INFO - ⚠️ Producto 'Cerveza IPA' ya existe, no se insertó.
2024-12-23 14:41:23,722 - database.db_record - INFO - ⚠️ Producto 'Vino Tinto' ya existe, no se insertó.
2024-12-23 14:41:23,723 - database.db_record - INFO - ⚠️ Producto 'Vino Blanco' ya existe, no se insertó.
2024-12-23 14:41:23,723 - database.db_record - INFO - ⚠️ Producto 'Coca-Cola' ya existe, no se insertó.
2024-12-23 14:41:23,724 - database.db_record - INFO - ⚠️ Producto 'Limonada' ya existe, no se insertó.
2024-12-23 14:41:23,724 - database.db_record - INFO - ⚠️ Producto 'Agua Mineral' ya existe, no se insertó.
2024-12-23 14:41:23,725 - database.db_record - INFO - ⚠️ Producto 'Agua Mineral' ya existe, no se insertó.
2024-12-23 14:41:23,725 - database.db_record - INFO - ⚠️ Producto 'Batido de Fresa' ya existe, no se insertó.
2024-12-23 14:41:23,725 - database.db_record - INFO - ⚠️ Producto 'Tarta de Manzana' ya existe, no se insertó.
2024-12-23 14:41:23,726 - database.db_record - INFO - ⚠️ Producto 'Flan Casero' ya existe, no se insertó.
2024-12-23 14:41:23,726 - database.db_record - INFO - ⚠️ Producto 'Café Solo' ya existe, no se insertó.
2024-12-23 14:41:23,727 - database.db_record - INFO - ⚠️ Producto 'Café con Leche' ya existe, no se insertó.
2024-12-23 14:41:23,728 - database.db_record - INFO - ✔️ Carrito para cliente 1 insertado.
2024-12-23 14:41:23,730 - database.db_record - ERROR - ❌ Error al insertar datos iniciales: 1146 (42S02): Table 'cocina_db.carrito_productos' doesn't exist
2024-12-23 14:41:23,731 - database.db_setup - INFO - Conexión a MySQL cerrada correctamente
2024-12-23 14:41:23,731 - logs - INFO - Iniciando el servidor Flask en modo debug...
2024-12-23 14:41:23,745 - werkzeug - WARNING -  * Debugger is active!
2024-12-23 14:41:23,750 - werkzeug - INFO -  * Debugger PIN: 592-463-925
2024-12-23 14:44:58,013 - werkzeug - INFO -  * Detected change in 'c:\\Users\\alsao\\OneDrive\\Escritorio\\CocinaCheffNava-SaorinFaura_AngelLuis- FranciscoJose_NavarroCayuela-TareaFinal\\database\\db_setup.py', reloading
2024-12-23 14:44:58,056 - werkzeug - INFO -  * Restarting with stat
2024-12-23 14:44:58,338 - logs - INFO - Configuración de Flask cargada correctamente.
2024-12-23 14:44:58,347 - logs - INFO - Blueprints registrados correctamente.
2024-12-23 14:44:58,348 - logs - DEBUG - Directorio raíz añadido al PYTHONPATH.
2024-12-23 14:44:58,348 - database.db_setup - INFO - Creando conexión a MySQL con la base de datos seleccionada.
2024-12-23 14:44:58,437 - database.db_setup - INFO - LISTADO de todas las bases de datos MYSQL en phpMyAdmin
2024-12-23 14:44:58,438 - database.db_setup - INFO - La base de datos 'cocina_db' ya existe.
2024-12-23 14:44:58,438 - database.db_setup - INFO - Creando tabla Roles.
2024-12-23 14:44:58,439 - database.db_setup - INFO - Tabla Roles creada exitosamente.
2024-12-23 14:44:58,439 - database.db_setup - INFO - Creando tabla Usuarios.
2024-12-23 14:44:58,439 - database.db_setup - INFO - Tabla Usuarios creada exitosamente.
2024-12-23 14:44:58,439 - database.db_setup - INFO - Creando tabla Clientes.
2024-12-23 14:44:58,440 - database.db_setup - INFO - Tabla Clientes creada exitosamente.
2024-12-23 14:44:58,440 - database.db_setup - INFO - Creando tabla Trabajadores.
2024-12-23 14:44:58,440 - database.db_setup - INFO - Tabla Trabajadores creada exitosamente.
2024-12-23 14:44:58,441 - database.db_setup - INFO - Creando tabla Categorias.
2024-12-23 14:44:58,441 - database.db_setup - INFO - Tabla Categorias creada exitosamente.
2024-12-23 14:44:58,441 - database.db_setup - INFO - Creando tabla Productos.
2024-12-23 14:44:58,442 - database.db_setup - INFO - Tabla Productos creada exitosamente.
2024-12-23 14:44:58,442 - database.db_setup - INFO - Creando tabla Carrito.
2024-12-23 14:44:58,442 - database.db_setup - INFO - Tabla Carrito creada exitosamente.
2024-12-23 14:44:58,442 - database.db_setup - INFO - Creando tabla Pedidos.
2024-12-23 14:44:58,443 - database.db_setup - INFO - Tabla Pedidos creada exitosamente.
2024-12-23 14:44:58,443 - database.db_setup - INFO - ✅ Tablas y datos iniciales procesados correctamente.
2024-12-23 14:44:58,443 - database.db_setup - INFO - Conexión a MySQL cerrada correctamente
2024-12-23 14:44:58,444 - database.db_setup - INFO - Creando conexión a MySQL con la base de datos seleccionada.
2024-12-23 14:44:58,447 - database.db_record - INFO - ⚠️ Rol 'cliente' ya existe.
2024-12-23 14:44:58,448 - database.db_record - INFO - ⚠️ Rol 'trabajador' ya existe.
2024-12-23 14:44:58,448 - database.db_record - INFO - Listado Usuarios: [('paco@nava.com', 'paco123', 1), ('angel@saorin.com', 'angel123', 1), ('paco@trabajador.com', 'paco456', 2), ('angel@trabajador.com', 'angel456', 2)]
2024-12-23 14:44:58,449 - database.db_record - INFO - ⚠️ Usuario paco@nava.com ya existe, no se insertó.
2024-12-23 14:44:58,449 - database.db_record - INFO - ⚠️ Usuario angel@saorin.com ya existe, no se insertó.
2024-12-23 14:44:58,450 - database.db_record - INFO - ⚠️ Usuario paco@trabajador.com ya existe, no se insertó.
2024-12-23 14:44:58,450 - database.db_record - INFO - ⚠️ Usuario angel@trabajador.com ya existe, no se insertó.
2024-12-23 14:44:58,450 - database.db_record - INFO - Listado roles: [('Francisco José', 'Cayuela', 'Navarro', '12345678A', '600123456', 'Calle Luna, 6', 'paco@nava.com'), ('Angel Luis', 'Saorin', 'Faura', '12345678C', '610654321', 'Calle Sol, 8', 'angel@saorin.com')]
2024-12-23 14:44:58,451 - database.db_record - INFO - ⚠️ Cliente paco@nava.com ya existe.
2024-12-23 14:44:58,452 - database.db_record - INFO - ⚠️ Cliente angel@saorin.com ya existe.
2024-12-23 14:44:58,452 - database.db_record - INFO - Listado Trabajadores: [('Paco', 'Lopez', 'Garcia', '12345678D', '620987654', 'Calle Estrella, 10', 'paco@trabajador.com'), ('Angel', 'Martinez', 'Perez', '12345678F', '630456789', 'Calle Cometa, 12', 'angel@trabajador.com')]
2024-12-23 14:44:58,453 - database.db_record - INFO - ⚠️ Trabajador paco@trabajador.com ya existe.
2024-12-23 14:44:58,454 - database.db_record - INFO - ⚠️ Trabajador angel@trabajador.com ya existe.
2024-12-23 14:44:58,454 - database.db_record - INFO - Listado Categorías: [('Carnes', 'Carnes a la parrilla y guisos de carne.', 'carnes.png'), ('Pastas', 'Platos de pasta italiana y fideos.', 'pastas.png'), ('Comidas de Puchero', 'Platos tradicionales de puchero.', 'puchero.png'), ('Pizzas', 'Pizzas artesanales con ingredientes frescos.', 'pizzas.png'), ('Arroces', 'Platos de arroz como paellas y risottos.', 'arroces.png'), ('Asados', 'Carnes y vegetales asados al horno.', 'asados.png'), ('Ensaladas', 'Ensaladas frescas y saludables.', 'ensaladas.png'), ('Cervezas', 'Cervezas nacionales e internacionales.', 'cervezas.png'), ('Vinos', 'Selección de vinos tintos, blancos y rosados.', 'vinos.png'), ('Refrescos con Gas y Sin Gas', 'Refrescos variados con y sin gas.', 'refrescos.png'), ('Aguas, zumos y batidos', 'Aguas minerales, zumos naturales y batidos.', 'bebidas.png'), ('Postres', 'Dulces y postres caseros.', 'postres.png'), ('Cafés', 'Cafés calientes y fríos.', 'cafes.png')]
2024-12-23 14:44:58,455 - database.db_record - WARNING - ⚠️ Categoría 'Carnes' ya existe, no se insertó.
2024-12-23 14:44:58,455 - database.db_record - WARNING - ⚠️ Categoría 'Pastas' ya existe, no se insertó.
2024-12-23 14:44:58,456 - database.db_record - WARNING - ⚠️ Categoría 'Comidas de Puchero' ya existe, no se insertó.
2024-12-23 14:44:58,456 - database.db_record - WARNING - ⚠️ Categoría 'Pizzas' ya existe, no se insertó.
2024-12-23 14:44:58,457 - database.db_record - WARNING - ⚠️ Categoría 'Arroces' ya existe, no se insertó.
2024-12-23 14:44:58,457 - database.db_record - WARNING - ⚠️ Categoría 'Asados' ya existe, no se insertó.
2024-12-23 14:44:58,458 - database.db_record - WARNING - ⚠️ Categoría 'Ensaladas' ya existe, no se insertó.
2024-12-23 14:44:58,458 - database.db_record - WARNING - ⚠️ Categoría 'Cervezas' ya existe, no se insertó.
2024-12-23 14:44:58,459 - database.db_record - WARNING - ⚠️ Categoría 'Vinos' ya existe, no se insertó.
2024-12-23 14:44:58,459 - database.db_record - WARNING - ⚠️ Categoría 'Refrescos con Gas y Sin Gas' ya existe, no se insertó.
2024-12-23 14:44:58,460 - database.db_record - WARNING - ⚠️ Categoría 'Aguas, zumos y batidos' ya existe, no se insertó.
2024-12-23 14:44:58,460 - database.db_record - WARNING - ⚠️ Categoría 'Postres' ya existe, no se insertó.
2024-12-23 14:44:58,461 - database.db_record - WARNING - ⚠️ Categoría 'Cafés' ya existe, no se insertó.
2024-12-23 14:44:58,461 - database.db_record - INFO - Listado roles: [('Entrecot', 'Entrecot a la parrilla con guarnición de papas.', 15.99, 'entrecot.png', 1), ('Albóndigas en Salsa', 'Albóndigas de carne en salsa casera.', 9.5, 'albondigas.png', 1), ('Espaguetis Carbonara', 'Espaguetis con salsa carbonara casera.', 8.99, 'spagueti_carbonara.png', 2), ('Lasaña de Verduras', 'Lasaña vegetariana con capas de verduras frescas.', 9.75, 'lasana_verduras.png', 2), ('Cocido Madrileño', 'Cocido con garbanzos, carne y verduras.', 12.5, 'cocido.png', 3), ('Lentejas con Chorizo', 'Lentejas guisadas con chorizo.', 10.0, 'lentejas.png', 3), ('Pizza Margarita', 'Pizza clásica con tomate, queso y albahaca.', 7.99, 'margarita.png', 4), ('Pizza 4 Quesos', 'Pizza con mezcla de cuatro quesos italianos.', 9.5, '4quesos.png', 4), ('Paella de Marisco', 'Paella de mariscos recién preparada.', 13.99, 'paella_marisco.png', 5), ('Risotto de Setas', 'Risotto cremoso con setas variadas.', 11.5, 'risotto.png', 5), ('Pollo Asado', 'Pollo asado al horno con especias.', 12.0, 'pollo_asado.png', 6), ('Costillas BBQ', 'Costillas al horno con salsa barbacoa.', 14.0, 'costillas.png', 6), ('Ensalada César', 'Ensalada con pollo, crutones y aderezo César.', 7.5, 'ensalada_cesar.png', 7), ('Ensalada Mediterránea', 'Ensalada fresca con aceitunas, queso feta y tomate.', 6.99, 'ensalada_med.png', 7), ('Cerveza Lager', 'Botella de cerveza lager 330ml.', 2.5, 'cerveza_lager.png', 8), ('Cerveza IPA', 'Botella de cerveza IPA artesanal 330ml.', 3.0, 'cerveza_ipa.png', 8), ('Vino Tinto', 'Copa de vino tinto de la casa.', 3.5, 'vino_tinto.png', 9), ('Vino Blanco', 'Copa de vino blanco fresco.', 3.5, 'vino_blanco.png', 9), ('Coca-Cola', 'Refresco de cola original 330ml.', 1.8, 'coca_cola.png', 10), ('Limonada', 'Refresco de limón natural sin gas.', 1.5, 'fanta_limon.png', 10), ('Agua Mineral', 'Botella de agua mineral 500ml.', 1.2, 'aguapet.png', 11), ('Agua Mineral', 'Botella de agua mineral 1l.', 1.2, 'agualitro.png', 11), ('Batido de Fresa', 'Batido natural de fresa con leche.', 2.5, 'batido_fresa.png', 11), ('Tarta de Manzana', 'Tarta de manzana casera con canela.', 4.5, 'tarta_manzana.png', 12), ('Flan Casero', 'Flan de huevo hecho en casa.', 3.5, 'flan.png', 12), ('Café Solo', 'Café espresso recién hecho.', 1.5, 'cafe_solo.png', 13), ('Café con Leche', 'Café con leche espumosa.', 1.8, 'cafe_leche.png', 13)]
2024-12-23 14:44:58,462 - database.db_record - INFO - ⚠️ Producto 'Entrecot' ya existe, no se insertó.
2024-12-23 14:44:58,462 - database.db_record - INFO - ⚠️ Producto 'Albóndigas en Salsa' ya existe, no se insertó.
2024-12-23 14:44:58,463 - database.db_record - INFO - ⚠️ Producto 'Espaguetis Carbonara' ya existe, no se insertó.
2024-12-23 14:44:58,463 - database.db_record - INFO - ⚠️ Producto 'Lasaña de Verduras' ya existe, no se insertó.
2024-12-23 14:44:58,464 - database.db_record - INFO - ⚠️ Producto 'Cocido Madrileño' ya existe, no se insertó.
2024-12-23 14:44:58,464 - database.db_record - INFO - ⚠️ Producto 'Lentejas con Chorizo' ya existe, no se insertó.
2024-12-23 14:44:58,465 - database.db_record - INFO - ⚠️ Producto 'Pizza Margarita' ya existe, no se insertó.
2024-12-23 14:44:58,465 - database.db_record - INFO - ⚠️ Producto 'Pizza 4 Quesos' ya existe, no se insertó.
2024-12-23 14:44:58,466 - database.db_record - INFO - ⚠️ Producto 'Paella de Marisco' ya existe, no se insertó.
2024-12-23 14:44:58,466 - database.db_record - INFO - ⚠️ Producto 'Risotto de Setas' ya existe, no se insertó.
2024-12-23 14:44:58,467 - database.db_record - INFO - ⚠️ Producto 'Pollo Asado' ya existe, no se insertó.
2024-12-23 14:44:58,467 - database.db_record - INFO - ⚠️ Producto 'Costillas BBQ' ya existe, no se insertó.
2024-12-23 14:44:58,468 - database.db_record - INFO - ⚠️ Producto 'Ensalada César' ya existe, no se insertó.
2024-12-23 14:44:58,468 - database.db_record - INFO - ⚠️ Producto 'Ensalada Mediterránea' ya existe, no se insertó.
2024-12-23 14:44:58,469 - database.db_record - INFO - ⚠️ Producto 'Cerveza Lager' ya existe, no se insertó.
2024-12-23 14:44:58,469 - database.db_record - INFO - ⚠️ Producto 'Cerveza IPA' ya existe, no se insertó.
2024-12-23 14:44:58,469 - database.db_record - INFO - ⚠️ Producto 'Vino Tinto' ya existe, no se insertó.
2024-12-23 14:44:58,470 - database.db_record - INFO - ⚠️ Producto 'Vino Blanco' ya existe, no se insertó.
2024-12-23 14:44:58,471 - database.db_record - INFO - ⚠️ Producto 'Coca-Cola' ya existe, no se insertó.
2024-12-23 14:44:58,471 - database.db_record - INFO - ⚠️ Producto 'Limonada' ya existe, no se insertó.
2024-12-23 14:44:58,472 - database.db_record - INFO - ⚠️ Producto 'Agua Mineral' ya existe, no se insertó.
2024-12-23 14:44:58,472 - database.db_record - INFO - ⚠️ Producto 'Agua Mineral' ya existe, no se insertó.
2024-12-23 14:44:58,473 - database.db_record - INFO - ⚠️ Producto 'Batido de Fresa' ya existe, no se insertó.
2024-12-23 14:44:58,474 - database.db_record - INFO - ⚠️ Producto 'Tarta de Manzana' ya existe, no se insertó.
2024-12-23 14:44:58,475 - database.db_record - INFO - ⚠️ Producto 'Flan Casero' ya existe, no se insertó.
2024-12-23 14:44:58,475 - database.db_record - INFO - ⚠️ Producto 'Café Solo' ya existe, no se insertó.
2024-12-23 14:44:58,476 - database.db_record - INFO - ⚠️ Producto 'Café con Leche' ya existe, no se insertó.
2024-12-23 14:44:58,477 - database.db_record - INFO - ✔️ Carrito para cliente 1 insertado.
2024-12-23 14:44:58,480 - database.db_record - ERROR - ❌ Error al insertar datos iniciales: 1146 (42S02): Table 'cocina_db.carrito_productos' doesn't exist
2024-12-23 14:44:58,480 - database.db_setup - INFO - Conexión a MySQL cerrada correctamente
2024-12-23 14:44:58,480 - logs - INFO - Iniciando el servidor Flask en modo debug...
2024-12-23 14:44:58,497 - werkzeug - WARNING -  * Debugger is active!
2024-12-23 14:44:58,502 - werkzeug - INFO -  * Debugger PIN: 592-463-925
2024-12-23 14:45:04,592 - werkzeug - INFO -  * Detected change in 'c:\\Users\\alsao\\OneDrive\\Escritorio\\CocinaCheffNava-SaorinFaura_AngelLuis- FranciscoJose_NavarroCayuela-TareaFinal\\database\\db_setup.py', reloading
2024-12-23 14:45:04,644 - werkzeug - INFO -  * Restarting with stat
2024-12-23 14:45:04,943 - logs - INFO - Configuración de Flask cargada correctamente.
2024-12-23 14:45:04,952 - logs - INFO - Blueprints registrados correctamente.
2024-12-23 14:45:04,953 - logs - DEBUG - Directorio raíz añadido al PYTHONPATH.
2024-12-23 14:45:04,953 - database.db_setup - INFO - Creando conexión a MySQL con la base de datos seleccionada.
2024-12-23 14:45:04,997 - database.db_setup - INFO - LISTADO de todas las bases de datos MYSQL en phpMyAdmin
2024-12-23 14:45:04,998 - database.db_setup - INFO - La base de datos 'cocina_db' ya existe.
2024-12-23 14:45:04,999 - database.db_setup - INFO - Creando tabla Roles.
2024-12-23 14:45:04,999 - database.db_setup - INFO - Tabla Roles creada exitosamente.
2024-12-23 14:45:04,999 - database.db_setup - INFO - Creando tabla Usuarios.
2024-12-23 14:45:05,000 - database.db_setup - INFO - Tabla Usuarios creada exitosamente.
2024-12-23 14:45:05,000 - database.db_setup - INFO - Creando tabla Clientes.
2024-12-23 14:45:05,000 - database.db_setup - INFO - Tabla Clientes creada exitosamente.
2024-12-23 14:45:05,001 - database.db_setup - INFO - Creando tabla Trabajadores.
2024-12-23 14:45:05,001 - database.db_setup - INFO - Tabla Trabajadores creada exitosamente.
2024-12-23 14:45:05,001 - database.db_setup - INFO - Creando tabla Categorias.
2024-12-23 14:45:05,001 - database.db_setup - INFO - Tabla Categorias creada exitosamente.
2024-12-23 14:45:05,002 - database.db_setup - INFO - Creando tabla Productos.
2024-12-23 14:45:05,002 - database.db_setup - INFO - Tabla Productos creada exitosamente.
2024-12-23 14:45:05,002 - database.db_setup - INFO - Creando tabla Carrito.
2024-12-23 14:45:05,002 - database.db_setup - INFO - Tabla Carrito creada exitosamente.
2024-12-23 14:45:05,003 - database.db_setup - INFO - Creando tabla Pedidos.
2024-12-23 14:45:05,003 - database.db_setup - INFO - Tabla Pedidos creada exitosamente.
2024-12-23 14:45:05,003 - database.db_setup - INFO - ✅ Tablas y datos iniciales procesados correctamente.
2024-12-23 14:45:05,004 - database.db_setup - INFO - Conexión a MySQL cerrada correctamente
2024-12-23 14:45:05,004 - database.db_setup - INFO - Creando conexión a MySQL con la base de datos seleccionada.
2024-12-23 14:45:05,005 - database.db_record - INFO - ⚠️ Rol 'cliente' ya existe.
2024-12-23 14:45:05,006 - database.db_record - INFO - ⚠️ Rol 'trabajador' ya existe.
2024-12-23 14:45:05,006 - database.db_record - INFO - Listado Usuarios: [('paco@nava.com', 'paco123', 1), ('angel@saorin.com', 'angel123', 1), ('paco@trabajador.com', 'paco456', 2), ('angel@trabajador.com', 'angel456', 2)]
2024-12-23 14:45:05,006 - database.db_record - INFO - ⚠️ Usuario paco@nava.com ya existe, no se insertó.
2024-12-23 14:45:05,007 - database.db_record - INFO - ⚠️ Usuario angel@saorin.com ya existe, no se insertó.
2024-12-23 14:45:05,007 - database.db_record - INFO - ⚠️ Usuario paco@trabajador.com ya existe, no se insertó.
2024-12-23 14:45:05,008 - database.db_record - INFO - ⚠️ Usuario angel@trabajador.com ya existe, no se insertó.
2024-12-23 14:45:05,008 - database.db_record - INFO - Listado roles: [('Francisco José', 'Cayuela', 'Navarro', '12345678A', '600123456', 'Calle Luna, 6', 'paco@nava.com'), ('Angel Luis', 'Saorin', 'Faura', '12345678C', '610654321', 'Calle Sol, 8', 'angel@saorin.com')]
2024-12-23 14:45:05,009 - database.db_record - INFO - ⚠️ Cliente paco@nava.com ya existe.
2024-12-23 14:45:05,009 - database.db_record - INFO - ⚠️ Cliente angel@saorin.com ya existe.
2024-12-23 14:45:05,009 - database.db_record - INFO - Listado Trabajadores: [('Paco', 'Lopez', 'Garcia', '12345678D', '620987654', 'Calle Estrella, 10', 'paco@trabajador.com'), ('Angel', 'Martinez', 'Perez', '12345678F', '630456789', 'Calle Cometa, 12', 'angel@trabajador.com')]
2024-12-23 14:45:05,010 - database.db_record - INFO - ⚠️ Trabajador paco@trabajador.com ya existe.
2024-12-23 14:45:05,011 - database.db_record - INFO - ⚠️ Trabajador angel@trabajador.com ya existe.
2024-12-23 14:45:05,011 - database.db_record - INFO - Listado Categorías: [('Carnes', 'Carnes a la parrilla y guisos de carne.', 'carnes.png'), ('Pastas', 'Platos de pasta italiana y fideos.', 'pastas.png'), ('Comidas de Puchero', 'Platos tradicionales de puchero.', 'puchero.png'), ('Pizzas', 'Pizzas artesanales con ingredientes frescos.', 'pizzas.png'), ('Arroces', 'Platos de arroz como paellas y risottos.', 'arroces.png'), ('Asados', 'Carnes y vegetales asados al horno.', 'asados.png'), ('Ensaladas', 'Ensaladas frescas y saludables.', 'ensaladas.png'), ('Cervezas', 'Cervezas nacionales e internacionales.', 'cervezas.png'), ('Vinos', 'Selección de vinos tintos, blancos y rosados.', 'vinos.png'), ('Refrescos con Gas y Sin Gas', 'Refrescos variados con y sin gas.', 'refrescos.png'), ('Aguas, zumos y batidos', 'Aguas minerales, zumos naturales y batidos.', 'bebidas.png'), ('Postres', 'Dulces y postres caseros.', 'postres.png'), ('Cafés', 'Cafés calientes y fríos.', 'cafes.png')]
2024-12-23 14:45:05,011 - database.db_record - WARNING - ⚠️ Categoría 'Carnes' ya existe, no se insertó.
2024-12-23 14:45:05,012 - database.db_record - WARNING - ⚠️ Categoría 'Pastas' ya existe, no se insertó.
2024-12-23 14:45:05,012 - database.db_record - WARNING - ⚠️ Categoría 'Comidas de Puchero' ya existe, no se insertó.
2024-12-23 14:45:05,012 - database.db_record - WARNING - ⚠️ Categoría 'Pizzas' ya existe, no se insertó.
2024-12-23 14:45:05,013 - database.db_record - WARNING - ⚠️ Categoría 'Arroces' ya existe, no se insertó.
2024-12-23 14:45:05,013 - database.db_record - WARNING - ⚠️ Categoría 'Asados' ya existe, no se insertó.
2024-12-23 14:45:05,014 - database.db_record - WARNING - ⚠️ Categoría 'Ensaladas' ya existe, no se insertó.
2024-12-23 14:45:05,014 - database.db_record - WARNING - ⚠️ Categoría 'Cervezas' ya existe, no se insertó.
2024-12-23 14:45:05,014 - database.db_record - WARNING - ⚠️ Categoría 'Vinos' ya existe, no se insertó.
2024-12-23 14:45:05,015 - database.db_record - WARNING - ⚠️ Categoría 'Refrescos con Gas y Sin Gas' ya existe, no se insertó.
2024-12-23 14:45:05,015 - database.db_record - WARNING - ⚠️ Categoría 'Aguas, zumos y batidos' ya existe, no se insertó.
2024-12-23 14:45:05,016 - database.db_record - WARNING - ⚠️ Categoría 'Postres' ya existe, no se insertó.
2024-12-23 14:45:05,016 - database.db_record - WARNING - ⚠️ Categoría 'Cafés' ya existe, no se insertó.
2024-12-23 14:45:05,017 - database.db_record - INFO - Listado roles: [('Entrecot', 'Entrecot a la parrilla con guarnición de papas.', 15.99, 'entrecot.png', 1), ('Albóndigas en Salsa', 'Albóndigas de carne en salsa casera.', 9.5, 'albondigas.png', 1), ('Espaguetis Carbonara', 'Espaguetis con salsa carbonara casera.', 8.99, 'spagueti_carbonara.png', 2), ('Lasaña de Verduras', 'Lasaña vegetariana con capas de verduras frescas.', 9.75, 'lasana_verduras.png', 2), ('Cocido Madrileño', 'Cocido con garbanzos, carne y verduras.', 12.5, 'cocido.png', 3), ('Lentejas con Chorizo', 'Lentejas guisadas con chorizo.', 10.0, 'lentejas.png', 3), ('Pizza Margarita', 'Pizza clásica con tomate, queso y albahaca.', 7.99, 'margarita.png', 4), ('Pizza 4 Quesos', 'Pizza con mezcla de cuatro quesos italianos.', 9.5, '4quesos.png', 4), ('Paella de Marisco', 'Paella de mariscos recién preparada.', 13.99, 'paella_marisco.png', 5), ('Risotto de Setas', 'Risotto cremoso con setas variadas.', 11.5, 'risotto.png', 5), ('Pollo Asado', 'Pollo asado al horno con especias.', 12.0, 'pollo_asado.png', 6), ('Costillas BBQ', 'Costillas al horno con salsa barbacoa.', 14.0, 'costillas.png', 6), ('Ensalada César', 'Ensalada con pollo, crutones y aderezo César.', 7.5, 'ensalada_cesar.png', 7), ('Ensalada Mediterránea', 'Ensalada fresca con aceitunas, queso feta y tomate.', 6.99, 'ensalada_med.png', 7), ('Cerveza Lager', 'Botella de cerveza lager 330ml.', 2.5, 'cerveza_lager.png', 8), ('Cerveza IPA', 'Botella de cerveza IPA artesanal 330ml.', 3.0, 'cerveza_ipa.png', 8), ('Vino Tinto', 'Copa de vino tinto de la casa.', 3.5, 'vino_tinto.png', 9), ('Vino Blanco', 'Copa de vino blanco fresco.', 3.5, 'vino_blanco.png', 9), ('Coca-Cola', 'Refresco de cola original 330ml.', 1.8, 'coca_cola.png', 10), ('Limonada', 'Refresco de limón natural sin gas.', 1.5, 'fanta_limon.png', 10), ('Agua Mineral', 'Botella de agua mineral 500ml.', 1.2, 'aguapet.png', 11), ('Agua Mineral', 'Botella de agua mineral 1l.', 1.2, 'agualitro.png', 11), ('Batido de Fresa', 'Batido natural de fresa con leche.', 2.5, 'batido_fresa.png', 11), ('Tarta de Manzana', 'Tarta de manzana casera con canela.', 4.5, 'tarta_manzana.png', 12), ('Flan Casero', 'Flan de huevo hecho en casa.', 3.5, 'flan.png', 12), ('Café Solo', 'Café espresso recién hecho.', 1.5, 'cafe_solo.png', 13), ('Café con Leche', 'Café con leche espumosa.', 1.8, 'cafe_leche.png', 13)]
2024-12-23 14:45:05,017 - database.db_record - INFO - ⚠️ Producto 'Entrecot' ya existe, no se insertó.
2024-12-23 14:45:05,018 - database.db_record - INFO - ⚠️ Producto 'Albóndigas en Salsa' ya existe, no se insertó.
2024-12-23 14:45:05,018 - database.db_record - INFO - ⚠️ Producto 'Espaguetis Carbonara' ya existe, no se insertó.
2024-12-23 14:45:05,018 - database.db_record - INFO - ⚠️ Producto 'Lasaña de Verduras' ya existe, no se insertó.
2024-12-23 14:45:05,019 - database.db_record - INFO - ⚠️ Producto 'Cocido Madrileño' ya existe, no se insertó.
2024-12-23 14:45:05,019 - database.db_record - INFO - ⚠️ Producto 'Lentejas con Chorizo' ya existe, no se insertó.
2024-12-23 14:45:05,020 - database.db_record - INFO - ⚠️ Producto 'Pizza Margarita' ya existe, no se insertó.
2024-12-23 14:45:05,020 - database.db_record - INFO - ⚠️ Producto 'Pizza 4 Quesos' ya existe, no se insertó.
2024-12-23 14:45:05,020 - database.db_record - INFO - ⚠️ Producto 'Paella de Marisco' ya existe, no se insertó.
2024-12-23 14:45:05,021 - database.db_record - INFO - ⚠️ Producto 'Risotto de Setas' ya existe, no se insertó.
2024-12-23 14:45:05,021 - database.db_record - INFO - ⚠️ Producto 'Pollo Asado' ya existe, no se insertó.
2024-12-23 14:45:05,021 - database.db_record - INFO - ⚠️ Producto 'Costillas BBQ' ya existe, no se insertó.
2024-12-23 14:45:05,022 - database.db_record - INFO - ⚠️ Producto 'Ensalada César' ya existe, no se insertó.
2024-12-23 14:45:05,022 - database.db_record - INFO - ⚠️ Producto 'Ensalada Mediterránea' ya existe, no se insertó.
2024-12-23 14:45:05,023 - database.db_record - INFO - ⚠️ Producto 'Cerveza Lager' ya existe, no se insertó.
2024-12-23 14:45:05,023 - database.db_record - INFO - ⚠️ Producto 'Cerveza IPA' ya existe, no se insertó.
2024-12-23 14:45:05,023 - database.db_record - INFO - ⚠️ Producto 'Vino Tinto' ya existe, no se insertó.
2024-12-23 14:45:05,024 - database.db_record - INFO - ⚠️ Producto 'Vino Blanco' ya existe, no se insertó.
2024-12-23 14:45:05,024 - database.db_record - INFO - ⚠️ Producto 'Coca-Cola' ya existe, no se insertó.
2024-12-23 14:45:05,025 - database.db_record - INFO - ⚠️ Producto 'Limonada' ya existe, no se insertó.
2024-12-23 14:45:05,025 - database.db_record - INFO - ⚠️ Producto 'Agua Mineral' ya existe, no se insertó.
2024-12-23 14:45:05,025 - database.db_record - INFO - ⚠️ Producto 'Agua Mineral' ya existe, no se insertó.
2024-12-23 14:45:05,026 - database.db_record - INFO - ⚠️ Producto 'Batido de Fresa' ya existe, no se insertó.
2024-12-23 14:45:05,026 - database.db_record - INFO - ⚠️ Producto 'Tarta de Manzana' ya existe, no se insertó.
2024-12-23 14:45:05,027 - database.db_record - INFO - ⚠️ Producto 'Flan Casero' ya existe, no se insertó.
2024-12-23 14:45:05,027 - database.db_record - INFO - ⚠️ Producto 'Café Solo' ya existe, no se insertó.
2024-12-23 14:45:05,028 - database.db_record - INFO - ⚠️ Producto 'Café con Leche' ya existe, no se insertó.
2024-12-23 14:45:05,029 - database.db_record - INFO - ✔️ Carrito para cliente 1 insertado.
2024-12-23 14:45:05,031 - database.db_record - ERROR - ❌ Error al insertar datos iniciales: 1146 (42S02): Table 'cocina_db.carrito_productos' doesn't exist
2024-12-23 14:45:05,032 - database.db_setup - INFO - Conexión a MySQL cerrada correctamente
2024-12-23 14:45:05,032 - logs - INFO - Iniciando el servidor Flask en modo debug...
2024-12-23 14:45:05,052 - werkzeug - WARNING -  * Debugger is active!
2024-12-23 14:45:05,058 - werkzeug - INFO -  * Debugger PIN: 592-463-925
2024-12-23 14:45:07,118 - werkzeug - INFO -  * Detected change in 'c:\\Users\\alsao\\OneDrive\\Escritorio\\CocinaCheffNava-SaorinFaura_AngelLuis- FranciscoJose_NavarroCayuela-TareaFinal\\database\\db_setup.py', reloading
2024-12-23 14:45:07,169 - werkzeug - INFO -  * Restarting with stat
2024-12-23 14:45:07,484 - logs - INFO - Configuración de Flask cargada correctamente.
2024-12-23 14:45:07,494 - logs - INFO - Blueprints registrados correctamente.
2024-12-23 14:45:07,495 - logs - DEBUG - Directorio raíz añadido al PYTHONPATH.
2024-12-23 14:45:07,495 - database.db_setup - INFO - Creando conexión a MySQL con la base de datos seleccionada.
2024-12-23 14:45:07,538 - database.db_setup - INFO - LISTADO de todas las bases de datos MYSQL en phpMyAdmin
2024-12-23 14:45:07,539 - database.db_setup - INFO - La base de datos 'cocina_db' ya existe.
2024-12-23 14:45:07,540 - database.db_setup - INFO - Creando tabla Roles.
2024-12-23 14:45:07,540 - database.db_setup - INFO - Tabla Roles creada exitosamente.
2024-12-23 14:45:07,540 - database.db_setup - INFO - Creando tabla Usuarios.
2024-12-23 14:45:07,541 - database.db_setup - INFO - Tabla Usuarios creada exitosamente.
2024-12-23 14:45:07,541 - database.db_setup - INFO - Creando tabla Clientes.
2024-12-23 14:45:07,541 - database.db_setup - INFO - Tabla Clientes creada exitosamente.
2024-12-23 14:45:07,541 - database.db_setup - INFO - Creando tabla Trabajadores.
2024-12-23 14:45:07,542 - database.db_setup - INFO - Tabla Trabajadores creada exitosamente.
2024-12-23 14:45:07,542 - database.db_setup - INFO - Creando tabla Categorias.
2024-12-23 14:45:07,542 - database.db_setup - INFO - Tabla Categorias creada exitosamente.
2024-12-23 14:45:07,542 - database.db_setup - INFO - Creando tabla Productos.
2024-12-23 14:45:07,543 - database.db_setup - INFO - Tabla Productos creada exitosamente.
2024-12-23 14:45:07,543 - database.db_setup - INFO - Creando tabla Carrito.
2024-12-23 14:45:07,543 - database.db_setup - INFO - Tabla Carrito creada exitosamente.
2024-12-23 14:45:07,544 - database.db_setup - INFO - Creando tabla Pedidos.
2024-12-23 14:45:07,544 - database.db_setup - INFO - Tabla Pedidos creada exitosamente.
2024-12-23 14:45:07,544 - database.db_setup - INFO - ✅ Tablas y datos iniciales procesados correctamente.
2024-12-23 14:45:07,545 - database.db_setup - INFO - Conexión a MySQL cerrada correctamente
2024-12-23 14:45:07,545 - database.db_setup - INFO - Creando conexión a MySQL con la base de datos seleccionada.
2024-12-23 14:45:07,546 - database.db_record - INFO - ⚠️ Rol 'cliente' ya existe.
2024-12-23 14:45:07,547 - database.db_record - INFO - ⚠️ Rol 'trabajador' ya existe.
2024-12-23 14:45:07,547 - database.db_record - INFO - Listado Usuarios: [('paco@nava.com', 'paco123', 1), ('angel@saorin.com', 'angel123', 1), ('paco@trabajador.com', 'paco456', 2), ('angel@trabajador.com', 'angel456', 2)]
2024-12-23 14:45:07,547 - database.db_record - INFO - ⚠️ Usuario paco@nava.com ya existe, no se insertó.
2024-12-23 14:45:07,548 - database.db_record - INFO - ⚠️ Usuario angel@saorin.com ya existe, no se insertó.
2024-12-23 14:45:07,548 - database.db_record - INFO - ⚠️ Usuario paco@trabajador.com ya existe, no se insertó.
2024-12-23 14:45:07,549 - database.db_record - INFO - ⚠️ Usuario angel@trabajador.com ya existe, no se insertó.
2024-12-23 14:45:07,549 - database.db_record - INFO - Listado roles: [('Francisco José', 'Cayuela', 'Navarro', '12345678A', '600123456', 'Calle Luna, 6', 'paco@nava.com'), ('Angel Luis', 'Saorin', 'Faura', '12345678C', '610654321', 'Calle Sol, 8', 'angel@saorin.com')]
2024-12-23 14:45:07,550 - database.db_record - INFO - ⚠️ Cliente paco@nava.com ya existe.
2024-12-23 14:45:07,550 - database.db_record - INFO - ⚠️ Cliente angel@saorin.com ya existe.
2024-12-23 14:45:07,550 - database.db_record - INFO - Listado Trabajadores: [('Paco', 'Lopez', 'Garcia', '12345678D', '620987654', 'Calle Estrella, 10', 'paco@trabajador.com'), ('Angel', 'Martinez', 'Perez', '12345678F', '630456789', 'Calle Cometa, 12', 'angel@trabajador.com')]
2024-12-23 14:45:07,551 - database.db_record - INFO - ⚠️ Trabajador paco@trabajador.com ya existe.
2024-12-23 14:45:07,551 - database.db_record - INFO - ⚠️ Trabajador angel@trabajador.com ya existe.
2024-12-23 14:45:07,552 - database.db_record - INFO - Listado Categorías: [('Carnes', 'Carnes a la parrilla y guisos de carne.', 'carnes.png'), ('Pastas', 'Platos de pasta italiana y fideos.', 'pastas.png'), ('Comidas de Puchero', 'Platos tradicionales de puchero.', 'puchero.png'), ('Pizzas', 'Pizzas artesanales con ingredientes frescos.', 'pizzas.png'), ('Arroces', 'Platos de arroz como paellas y risottos.', 'arroces.png'), ('Asados', 'Carnes y vegetales asados al horno.', 'asados.png'), ('Ensaladas', 'Ensaladas frescas y saludables.', 'ensaladas.png'), ('Cervezas', 'Cervezas nacionales e internacionales.', 'cervezas.png'), ('Vinos', 'Selección de vinos tintos, blancos y rosados.', 'vinos.png'), ('Refrescos con Gas y Sin Gas', 'Refrescos variados con y sin gas.', 'refrescos.png'), ('Aguas, zumos y batidos', 'Aguas minerales, zumos naturales y batidos.', 'bebidas.png'), ('Postres', 'Dulces y postres caseros.', 'postres.png'), ('Cafés', 'Cafés calientes y fríos.', 'cafes.png')]
2024-12-23 14:45:07,552 - database.db_record - WARNING - ⚠️ Categoría 'Carnes' ya existe, no se insertó.
2024-12-23 14:45:07,552 - database.db_record - WARNING - ⚠️ Categoría 'Pastas' ya existe, no se insertó.
2024-12-23 14:45:07,553 - database.db_record - WARNING - ⚠️ Categoría 'Comidas de Puchero' ya existe, no se insertó.
2024-12-23 14:45:07,553 - database.db_record - WARNING - ⚠️ Categoría 'Pizzas' ya existe, no se insertó.
2024-12-23 14:45:07,554 - database.db_record - WARNING - ⚠️ Categoría 'Arroces' ya existe, no se insertó.
2024-12-23 14:45:07,554 - database.db_record - WARNING - ⚠️ Categoría 'Asados' ya existe, no se insertó.
2024-12-23 14:45:07,555 - database.db_record - WARNING - ⚠️ Categoría 'Ensaladas' ya existe, no se insertó.
2024-12-23 14:45:07,555 - database.db_record - WARNING - ⚠️ Categoría 'Cervezas' ya existe, no se insertó.
2024-12-23 14:45:07,555 - database.db_record - WARNING - ⚠️ Categoría 'Vinos' ya existe, no se insertó.
2024-12-23 14:45:07,556 - database.db_record - WARNING - ⚠️ Categoría 'Refrescos con Gas y Sin Gas' ya existe, no se insertó.
2024-12-23 14:45:07,556 - database.db_record - WARNING - ⚠️ Categoría 'Aguas, zumos y batidos' ya existe, no se insertó.
2024-12-23 14:45:07,556 - database.db_record - WARNING - ⚠️ Categoría 'Postres' ya existe, no se insertó.
2024-12-23 14:45:07,557 - database.db_record - WARNING - ⚠️ Categoría 'Cafés' ya existe, no se insertó.
2024-12-23 14:45:07,557 - database.db_record - INFO - Listado roles: [('Entrecot', 'Entrecot a la parrilla con guarnición de papas.', 15.99, 'entrecot.png', 1), ('Albóndigas en Salsa', 'Albóndigas de carne en salsa casera.', 9.5, 'albondigas.png', 1), ('Espaguetis Carbonara', 'Espaguetis con salsa carbonara casera.', 8.99, 'spagueti_carbonara.png', 2), ('Lasaña de Verduras', 'Lasaña vegetariana con capas de verduras frescas.', 9.75, 'lasana_verduras.png', 2), ('Cocido Madrileño', 'Cocido con garbanzos, carne y verduras.', 12.5, 'cocido.png', 3), ('Lentejas con Chorizo', 'Lentejas guisadas con chorizo.', 10.0, 'lentejas.png', 3), ('Pizza Margarita', 'Pizza clásica con tomate, queso y albahaca.', 7.99, 'margarita.png', 4), ('Pizza 4 Quesos', 'Pizza con mezcla de cuatro quesos italianos.', 9.5, '4quesos.png', 4), ('Paella de Marisco', 'Paella de mariscos recién preparada.', 13.99, 'paella_marisco.png', 5), ('Risotto de Setas', 'Risotto cremoso con setas variadas.', 11.5, 'risotto.png', 5), ('Pollo Asado', 'Pollo asado al horno con especias.', 12.0, 'pollo_asado.png', 6), ('Costillas BBQ', 'Costillas al horno con salsa barbacoa.', 14.0, 'costillas.png', 6), ('Ensalada César', 'Ensalada con pollo, crutones y aderezo César.', 7.5, 'ensalada_cesar.png', 7), ('Ensalada Mediterránea', 'Ensalada fresca con aceitunas, queso feta y tomate.', 6.99, 'ensalada_med.png', 7), ('Cerveza Lager', 'Botella de cerveza lager 330ml.', 2.5, 'cerveza_lager.png', 8), ('Cerveza IPA', 'Botella de cerveza IPA artesanal 330ml.', 3.0, 'cerveza_ipa.png', 8), ('Vino Tinto', 'Copa de vino tinto de la casa.', 3.5, 'vino_tinto.png', 9), ('Vino Blanco', 'Copa de vino blanco fresco.', 3.5, 'vino_blanco.png', 9), ('Coca-Cola', 'Refresco de cola original 330ml.', 1.8, 'coca_cola.png', 10), ('Limonada', 'Refresco de limón natural sin gas.', 1.5, 'fanta_limon.png', 10), ('Agua Mineral', 'Botella de agua mineral 500ml.', 1.2, 'aguapet.png', 11), ('Agua Mineral', 'Botella de agua mineral 1l.', 1.2, 'agualitro.png', 11), ('Batido de Fresa', 'Batido natural de fresa con leche.', 2.5, 'batido_fresa.png', 11), ('Tarta de Manzana', 'Tarta de manzana casera con canela.', 4.5, 'tarta_manzana.png', 12), ('Flan Casero', 'Flan de huevo hecho en casa.', 3.5, 'flan.png', 12), ('Café Solo', 'Café espresso recién hecho.', 1.5, 'cafe_solo.png', 13), ('Café con Leche', 'Café con leche espumosa.', 1.8, 'cafe_leche.png', 13)]
2024-12-23 14:45:07,558 - database.db_record - INFO - ⚠️ Producto 'Entrecot' ya existe, no se insertó.
2024-12-23 14:45:07,559 - database.db_record - INFO - ⚠️ Producto 'Albóndigas en Salsa' ya existe, no se insertó.
2024-12-23 14:45:07,559 - database.db_record - INFO - ⚠️ Producto 'Espaguetis Carbonara' ya existe, no se insertó.
2024-12-23 14:45:07,559 - database.db_record - INFO - ⚠️ Producto 'Lasaña de Verduras' ya existe, no se insertó.
2024-12-23 14:45:07,560 - database.db_record - INFO - ⚠️ Producto 'Cocido Madrileño' ya existe, no se insertó.
2024-12-23 14:45:07,560 - database.db_record - INFO - ⚠️ Producto 'Lentejas con Chorizo' ya existe, no se insertó.
2024-12-23 14:45:07,561 - database.db_record - INFO - ⚠️ Producto 'Pizza Margarita' ya existe, no se insertó.
2024-12-23 14:45:07,561 - database.db_record - INFO - ⚠️ Producto 'Pizza 4 Quesos' ya existe, no se insertó.
2024-12-23 14:45:07,562 - database.db_record - INFO - ⚠️ Producto 'Paella de Marisco' ya existe, no se insertó.
2024-12-23 14:45:07,562 - database.db_record - INFO - ⚠️ Producto 'Risotto de Setas' ya existe, no se insertó.
2024-12-23 14:45:07,562 - database.db_record - INFO - ⚠️ Producto 'Pollo Asado' ya existe, no se insertó.
2024-12-23 14:45:07,563 - database.db_record - INFO - ⚠️ Producto 'Costillas BBQ' ya existe, no se insertó.
2024-12-23 14:45:07,563 - database.db_record - INFO - ⚠️ Producto 'Ensalada César' ya existe, no se insertó.
2024-12-23 14:45:07,564 - database.db_record - INFO - ⚠️ Producto 'Ensalada Mediterránea' ya existe, no se insertó.
2024-12-23 14:45:07,564 - database.db_record - INFO - ⚠️ Producto 'Cerveza Lager' ya existe, no se insertó.
2024-12-23 14:45:07,564 - database.db_record - INFO - ⚠️ Producto 'Cerveza IPA' ya existe, no se insertó.
2024-12-23 14:45:07,565 - database.db_record - INFO - ⚠️ Producto 'Vino Tinto' ya existe, no se insertó.
2024-12-23 14:45:07,565 - database.db_record - INFO - ⚠️ Producto 'Vino Blanco' ya existe, no se insertó.
2024-12-23 14:45:07,566 - database.db_record - INFO - ⚠️ Producto 'Coca-Cola' ya existe, no se insertó.
2024-12-23 14:45:07,566 - database.db_record - INFO - ⚠️ Producto 'Limonada' ya existe, no se insertó.
2024-12-23 14:45:07,566 - database.db_record - INFO - ⚠️ Producto 'Agua Mineral' ya existe, no se insertó.
2024-12-23 14:45:07,567 - database.db_record - INFO - ⚠️ Producto 'Agua Mineral' ya existe, no se insertó.
2024-12-23 14:45:07,567 - database.db_record - INFO - ⚠️ Producto 'Batido de Fresa' ya existe, no se insertó.
2024-12-23 14:45:07,567 - database.db_record - INFO - ⚠️ Producto 'Tarta de Manzana' ya existe, no se insertó.
2024-12-23 14:45:07,568 - database.db_record - INFO - ⚠️ Producto 'Flan Casero' ya existe, no se insertó.
2024-12-23 14:45:07,568 - database.db_record - INFO - ⚠️ Producto 'Café Solo' ya existe, no se insertó.
2024-12-23 14:45:07,569 - database.db_record - INFO - ⚠️ Producto 'Café con Leche' ya existe, no se insertó.
2024-12-23 14:45:07,570 - database.db_record - INFO - ✔️ Carrito para cliente 1 insertado.
2024-12-23 14:45:07,572 - database.db_record - ERROR - ❌ Error al insertar datos iniciales: 1146 (42S02): Table 'cocina_db.carrito_productos' doesn't exist
2024-12-23 14:45:07,573 - database.db_setup - INFO - Conexión a MySQL cerrada correctamente
2024-12-23 14:45:07,573 - logs - INFO - Iniciando el servidor Flask en modo debug...
2024-12-23 14:45:07,584 - werkzeug - WARNING -  * Debugger is active!
2024-12-23 14:45:07,589 - werkzeug - INFO -  * Debugger PIN: 592-463-925
2024-12-23 14:45:11,657 - werkzeug - INFO -  * Detected change in 'c:\\Users\\alsao\\OneDrive\\Escritorio\\CocinaCheffNava-SaorinFaura_AngelLuis- FranciscoJose_NavarroCayuela-TareaFinal\\database\\db_setup.py', reloading
2024-12-23 14:45:11,705 - werkzeug - INFO -  * Restarting with stat
2024-12-23 14:45:11,994 - logs - INFO - Configuración de Flask cargada correctamente.
2024-12-23 14:45:12,003 - logs - INFO - Blueprints registrados correctamente.
2024-12-23 14:45:12,004 - logs - DEBUG - Directorio raíz añadido al PYTHONPATH.
2024-12-23 14:45:12,004 - database.db_setup - INFO - Creando conexión a MySQL con la base de datos seleccionada.
2024-12-23 14:45:12,047 - database.db_setup - INFO - LISTADO de todas las bases de datos MYSQL en phpMyAdmin
2024-12-23 14:45:12,048 - database.db_setup - INFO - La base de datos 'cocina_db' ya existe.
2024-12-23 14:45:12,049 - database.db_setup - INFO - Creando tabla Roles.
2024-12-23 14:45:12,049 - database.db_setup - INFO - Tabla Roles creada exitosamente.
2024-12-23 14:45:12,049 - database.db_setup - INFO - Creando tabla Usuarios.
2024-12-23 14:45:12,050 - database.db_setup - INFO - Tabla Usuarios creada exitosamente.
2024-12-23 14:45:12,050 - database.db_setup - INFO - Creando tabla Clientes.
2024-12-23 14:45:12,050 - database.db_setup - INFO - Tabla Clientes creada exitosamente.
2024-12-23 14:45:12,051 - database.db_setup - INFO - Creando tabla Trabajadores.
2024-12-23 14:45:12,051 - database.db_setup - INFO - Tabla Trabajadores creada exitosamente.
2024-12-23 14:45:12,051 - database.db_setup - INFO - Creando tabla Categorias.
2024-12-23 14:45:12,051 - database.db_setup - INFO - Tabla Categorias creada exitosamente.
2024-12-23 14:45:12,052 - database.db_setup - INFO - Creando tabla Productos.
2024-12-23 14:45:12,052 - database.db_setup - INFO - Tabla Productos creada exitosamente.
2024-12-23 14:45:12,052 - database.db_setup - INFO - Creando tabla Carrito.
2024-12-23 14:45:12,052 - database.db_setup - INFO - Tabla Carrito creada exitosamente.
2024-12-23 14:45:12,053 - database.db_setup - INFO - Creando tabla Pedidos.
2024-12-23 14:45:12,053 - database.db_setup - INFO - Tabla Pedidos creada exitosamente.
2024-12-23 14:45:12,053 - database.db_setup - INFO - ✅ Tablas y datos iniciales procesados correctamente.
2024-12-23 14:45:12,054 - database.db_setup - INFO - Conexión a MySQL cerrada correctamente
2024-12-23 14:45:12,054 - database.db_setup - INFO - Creando conexión a MySQL con la base de datos seleccionada.
2024-12-23 14:45:12,055 - database.db_record - INFO - ⚠️ Rol 'cliente' ya existe.
2024-12-23 14:45:12,056 - database.db_record - INFO - ⚠️ Rol 'trabajador' ya existe.
2024-12-23 14:45:12,056 - database.db_record - INFO - Listado Usuarios: [('paco@nava.com', 'paco123', 1), ('angel@saorin.com', 'angel123', 1), ('paco@trabajador.com', 'paco456', 2), ('angel@trabajador.com', 'angel456', 2)]
2024-12-23 14:45:12,056 - database.db_record - INFO - ⚠️ Usuario paco@nava.com ya existe, no se insertó.
2024-12-23 14:45:12,057 - database.db_record - INFO - ⚠️ Usuario angel@saorin.com ya existe, no se insertó.
2024-12-23 14:45:12,057 - database.db_record - INFO - ⚠️ Usuario paco@trabajador.com ya existe, no se insertó.
2024-12-23 14:45:12,058 - database.db_record - INFO - ⚠️ Usuario angel@trabajador.com ya existe, no se insertó.
2024-12-23 14:45:12,058 - database.db_record - INFO - Listado roles: [('Francisco José', 'Cayuela', 'Navarro', '12345678A', '600123456', 'Calle Luna, 6', 'paco@nava.com'), ('Angel Luis', 'Saorin', 'Faura', '12345678C', '610654321', 'Calle Sol, 8', 'angel@saorin.com')]
2024-12-23 14:45:12,058 - database.db_record - INFO - ⚠️ Cliente paco@nava.com ya existe.
2024-12-23 14:45:12,059 - database.db_record - INFO - ⚠️ Cliente angel@saorin.com ya existe.
2024-12-23 14:45:12,059 - database.db_record - INFO - Listado Trabajadores: [('Paco', 'Lopez', 'Garcia', '12345678D', '620987654', 'Calle Estrella, 10', 'paco@trabajador.com'), ('Angel', 'Martinez', 'Perez', '12345678F', '630456789', 'Calle Cometa, 12', 'angel@trabajador.com')]
2024-12-23 14:45:12,060 - database.db_record - INFO - ⚠️ Trabajador paco@trabajador.com ya existe.
2024-12-23 14:45:12,060 - database.db_record - INFO - ⚠️ Trabajador angel@trabajador.com ya existe.
2024-12-23 14:45:12,061 - database.db_record - INFO - Listado Categorías: [('Carnes', 'Carnes a la parrilla y guisos de carne.', 'carnes.png'), ('Pastas', 'Platos de pasta italiana y fideos.', 'pastas.png'), ('Comidas de Puchero', 'Platos tradicionales de puchero.', 'puchero.png'), ('Pizzas', 'Pizzas artesanales con ingredientes frescos.', 'pizzas.png'), ('Arroces', 'Platos de arroz como paellas y risottos.', 'arroces.png'), ('Asados', 'Carnes y vegetales asados al horno.', 'asados.png'), ('Ensaladas', 'Ensaladas frescas y saludables.', 'ensaladas.png'), ('Cervezas', 'Cervezas nacionales e internacionales.', 'cervezas.png'), ('Vinos', 'Selección de vinos tintos, blancos y rosados.', 'vinos.png'), ('Refrescos con Gas y Sin Gas', 'Refrescos variados con y sin gas.', 'refrescos.png'), ('Aguas, zumos y batidos', 'Aguas minerales, zumos naturales y batidos.', 'bebidas.png'), ('Postres', 'Dulces y postres caseros.', 'postres.png'), ('Cafés', 'Cafés calientes y fríos.', 'cafes.png')]
2024-12-23 14:45:12,061 - database.db_record - WARNING - ⚠️ Categoría 'Carnes' ya existe, no se insertó.
2024-12-23 14:45:12,062 - database.db_record - WARNING - ⚠️ Categoría 'Pastas' ya existe, no se insertó.
2024-12-23 14:45:12,062 - database.db_record - WARNING - ⚠️ Categoría 'Comidas de Puchero' ya existe, no se insertó.
2024-12-23 14:45:12,062 - database.db_record - WARNING - ⚠️ Categoría 'Pizzas' ya existe, no se insertó.
2024-12-23 14:45:12,063 - database.db_record - WARNING - ⚠️ Categoría 'Arroces' ya existe, no se insertó.
2024-12-23 14:45:12,063 - database.db_record - WARNING - ⚠️ Categoría 'Asados' ya existe, no se insertó.
2024-12-23 14:45:12,064 - database.db_record - WARNING - ⚠️ Categoría 'Ensaladas' ya existe, no se insertó.
2024-12-23 14:45:12,064 - database.db_record - WARNING - ⚠️ Categoría 'Cervezas' ya existe, no se insertó.
2024-12-23 14:45:12,065 - database.db_record - WARNING - ⚠️ Categoría 'Vinos' ya existe, no se insertó.
2024-12-23 14:45:12,065 - database.db_record - WARNING - ⚠️ Categoría 'Refrescos con Gas y Sin Gas' ya existe, no se insertó.
2024-12-23 14:45:12,065 - database.db_record - WARNING - ⚠️ Categoría 'Aguas, zumos y batidos' ya existe, no se insertó.
2024-12-23 14:45:12,066 - database.db_record - WARNING - ⚠️ Categoría 'Postres' ya existe, no se insertó.
2024-12-23 14:45:12,066 - database.db_record - WARNING - ⚠️ Categoría 'Cafés' ya existe, no se insertó.
2024-12-23 14:45:12,066 - database.db_record - INFO - Listado roles: [('Entrecot', 'Entrecot a la parrilla con guarnición de papas.', 15.99, 'entrecot.png', 1), ('Albóndigas en Salsa', 'Albóndigas de carne en salsa casera.', 9.5, 'albondigas.png', 1), ('Espaguetis Carbonara', 'Espaguetis con salsa carbonara casera.', 8.99, 'spagueti_carbonara.png', 2), ('Lasaña de Verduras', 'Lasaña vegetariana con capas de verduras frescas.', 9.75, 'lasana_verduras.png', 2), ('Cocido Madrileño', 'Cocido con garbanzos, carne y verduras.', 12.5, 'cocido.png', 3), ('Lentejas con Chorizo', 'Lentejas guisadas con chorizo.', 10.0, 'lentejas.png', 3), ('Pizza Margarita', 'Pizza clásica con tomate, queso y albahaca.', 7.99, 'margarita.png', 4), ('Pizza 4 Quesos', 'Pizza con mezcla de cuatro quesos italianos.', 9.5, '4quesos.png', 4), ('Paella de Marisco', 'Paella de mariscos recién preparada.', 13.99, 'paella_marisco.png', 5), ('Risotto de Setas', 'Risotto cremoso con setas variadas.', 11.5, 'risotto.png', 5), ('Pollo Asado', 'Pollo asado al horno con especias.', 12.0, 'pollo_asado.png', 6), ('Costillas BBQ', 'Costillas al horno con salsa barbacoa.', 14.0, 'costillas.png', 6), ('Ensalada César', 'Ensalada con pollo, crutones y aderezo César.', 7.5, 'ensalada_cesar.png', 7), ('Ensalada Mediterránea', 'Ensalada fresca con aceitunas, queso feta y tomate.', 6.99, 'ensalada_med.png', 7), ('Cerveza Lager', 'Botella de cerveza lager 330ml.', 2.5, 'cerveza_lager.png', 8), ('Cerveza IPA', 'Botella de cerveza IPA artesanal 330ml.', 3.0, 'cerveza_ipa.png', 8), ('Vino Tinto', 'Copa de vino tinto de la casa.', 3.5, 'vino_tinto.png', 9), ('Vino Blanco', 'Copa de vino blanco fresco.', 3.5, 'vino_blanco.png', 9), ('Coca-Cola', 'Refresco de cola original 330ml.', 1.8, 'coca_cola.png', 10), ('Limonada', 'Refresco de limón natural sin gas.', 1.5, 'fanta_limon.png', 10), ('Agua Mineral', 'Botella de agua mineral 500ml.', 1.2, 'aguapet.png', 11), ('Agua Mineral', 'Botella de agua mineral 1l.', 1.2, 'agualitro.png', 11), ('Batido de Fresa', 'Batido natural de fresa con leche.', 2.5, 'batido_fresa.png', 11), ('Tarta de Manzana', 'Tarta de manzana casera con canela.', 4.5, 'tarta_manzana.png', 12), ('Flan Casero', 'Flan de huevo hecho en casa.', 3.5, 'flan.png', 12), ('Café Solo', 'Café espresso recién hecho.', 1.5, 'cafe_solo.png', 13), ('Café con Leche', 'Café con leche espumosa.', 1.8, 'cafe_leche.png', 13)]
2024-12-23 14:45:12,067 - database.db_record - INFO - ⚠️ Producto 'Entrecot' ya existe, no se insertó.
2024-12-23 14:45:12,067 - database.db_record - INFO - ⚠️ Producto 'Albóndigas en Salsa' ya existe, no se insertó.
2024-12-23 14:45:12,068 - database.db_record - INFO - ⚠️ Producto 'Espaguetis Carbonara' ya existe, no se insertó.
2024-12-23 14:45:12,068 - database.db_record - INFO - ⚠️ Producto 'Lasaña de Verduras' ya existe, no se insertó.
2024-12-23 14:45:12,069 - database.db_record - INFO - ⚠️ Producto 'Cocido Madrileño' ya existe, no se insertó.
2024-12-23 14:45:12,069 - database.db_record - INFO - ⚠️ Producto 'Lentejas con Chorizo' ya existe, no se insertó.
2024-12-23 14:45:12,070 - database.db_record - INFO - ⚠️ Producto 'Pizza Margarita' ya existe, no se insertó.
2024-12-23 14:45:12,070 - database.db_record - INFO - ⚠️ Producto 'Pizza 4 Quesos' ya existe, no se insertó.
2024-12-23 14:45:12,070 - database.db_record - INFO - ⚠️ Producto 'Paella de Marisco' ya existe, no se insertó.
2024-12-23 14:45:12,071 - database.db_record - INFO - ⚠️ Producto 'Risotto de Setas' ya existe, no se insertó.
2024-12-23 14:45:12,071 - database.db_record - INFO - ⚠️ Producto 'Pollo Asado' ya existe, no se insertó.
2024-12-23 14:45:12,071 - database.db_record - INFO - ⚠️ Producto 'Costillas BBQ' ya existe, no se insertó.
2024-12-23 14:45:12,072 - database.db_record - INFO - ⚠️ Producto 'Ensalada César' ya existe, no se insertó.
2024-12-23 14:45:12,072 - database.db_record - INFO - ⚠️ Producto 'Ensalada Mediterránea' ya existe, no se insertó.
2024-12-23 14:45:12,073 - database.db_record - INFO - ⚠️ Producto 'Cerveza Lager' ya existe, no se insertó.
2024-12-23 14:45:12,073 - database.db_record - INFO - ⚠️ Producto 'Cerveza IPA' ya existe, no se insertó.
2024-12-23 14:45:12,073 - database.db_record - INFO - ⚠️ Producto 'Vino Tinto' ya existe, no se insertó.
2024-12-23 14:45:12,074 - database.db_record - INFO - ⚠️ Producto 'Vino Blanco' ya existe, no se insertó.
2024-12-23 14:45:12,074 - database.db_record - INFO - ⚠️ Producto 'Coca-Cola' ya existe, no se insertó.
2024-12-23 14:45:12,074 - database.db_record - INFO - ⚠️ Producto 'Limonada' ya existe, no se insertó.
2024-12-23 14:45:12,075 - database.db_record - INFO - ⚠️ Producto 'Agua Mineral' ya existe, no se insertó.
2024-12-23 14:45:12,075 - database.db_record - INFO - ⚠️ Producto 'Agua Mineral' ya existe, no se insertó.
2024-12-23 14:45:12,076 - database.db_record - INFO - ⚠️ Producto 'Batido de Fresa' ya existe, no se insertó.
2024-12-23 14:45:12,076 - database.db_record - INFO - ⚠️ Producto 'Tarta de Manzana' ya existe, no se insertó.
2024-12-23 14:45:12,076 - database.db_record - INFO - ⚠️ Producto 'Flan Casero' ya existe, no se insertó.
2024-12-23 14:45:12,077 - database.db_record - INFO - ⚠️ Producto 'Café Solo' ya existe, no se insertó.
2024-12-23 14:45:12,077 - database.db_record - INFO - ⚠️ Producto 'Café con Leche' ya existe, no se insertó.
2024-12-23 14:45:12,078 - database.db_record - INFO - ✔️ Carrito para cliente 1 insertado.
2024-12-23 14:45:12,080 - database.db_record - ERROR - ❌ Error al insertar datos iniciales: 1146 (42S02): Table 'cocina_db.carrito_productos' doesn't exist
2024-12-23 14:45:12,081 - database.db_setup - INFO - Conexión a MySQL cerrada correctamente
2024-12-23 14:45:12,081 - logs - INFO - Iniciando el servidor Flask en modo debug...
2024-12-23 14:45:12,092 - werkzeug - WARNING -  * Debugger is active!
2024-12-23 14:45:12,096 - werkzeug - INFO -  * Debugger PIN: 592-463-925
